<?xml version="1.0" encoding="UTF-8"?>
<!-- Generated by org.testng.reporters.JUnitReportReporter -->
<testsuite skipped="0" hostname="rrajaram-ws" name="Xsample" tests="1" failures="0" timestamp="24 Mar 2020 04:30:28 GMT" time="10.411" errors="0">
  <testcase name="ForgotPassword" time="10.411" classname="Xsample"/>
</testsuite> <!-- Xsample -->
